<?xml version="1.0" encoding="UTF-8"?>
<!-- Generated by org.testng.reporters.JUnitReportReporter -->
<testsuite skipped="0" hostname="AnkitSaxena" name="testng.testfirstclass" tests="3" failures="0" timestamp="03 Oct 2020 17:24:48 GMT" time="0.015" errors="0">
  <testcase name="testsecond" time="0.000" classname="testng.testfirstclass"/>
  <testcase name="demo" time="0.000" classname="testng.testfirstclass"/>
  <testcase name="carcolorofcar" time="0.015" classname="testng.testfirstclass"/>
</testsuite> <!-- testng.testfirstclass -->
