<?xml version="1.0" encoding="UTF-8"?>
<!-- Generated by org.testng.reporters.JUnitReportReporter -->
<testsuite skipped="0" hostname="AnkitSaxena" name="testngsecond.nordic" tests="3" failures="0" timestamp="02 Oct 2020 06:19:35 GMT" time="0.031" errors="0">
  <testcase name="testdonate" time="0.016" classname="testngsecond.nordic"/>
  <testcase name="testmembership" time="0.015" classname="testngsecond.nordic"/>
  <testcase name="testpurchase" time="0.000" classname="testngsecond.nordic"/>
</testsuite> <!-- testngsecond.nordic -->
